<?xml version="1.0" encoding="UTF-8"?>
<!-- Generated by org.testng.reporters.JUnitXMLReporter -->
<testsuite ignored="2" hostname="DESKTOP-SKPMEFP" failures="0" tests="1" name="Test" time="15.117" errors="0" timestamp="2023-10-05T09:22:49 IST">
  <testcase classname="com.MystoreV3.Testcases.TC_myAccountPageTest" name="verifyLogin" time="4.105"/>
  <testcase classname="com.MystoreV3.Testcases.TC_myAccountPageTest" name="verifySignOut" time="0.0">
    <ignored/>
  </testcase> <!-- verifySignOut -->
  <testcase classname="com.MystoreV3.Testcases.TC_myAccountPageTest" name="verifyRegistrationAndLogin" time="0.0">
    <ignored/>
  </testcase> <!-- verifyRegistrationAndLogin -->
</testsuite> <!-- Test -->
