<?xml version="1.0" encoding="UTF-8"?>
<testng-results ignored="2" total="3" passed="1" failed="0" skipped="0">
  <reporter-output>
  </reporter-output>
  <suite started-at="2023-10-05T09:22:34 IST" name="Suite" finished-at="2023-10-05T09:22:49 IST" duration-ms="15117">
    <groups>
    </groups>
    <test started-at="2023-10-05T09:22:34 IST" name="Test" finished-at="2023-10-05T09:22:49 IST" duration-ms="15117">
      <class name="com.MystoreV3.Testcases.TC_myAccountPageTest">
        <test-method is-config="true" signature="setup()[pri:0, instance:com.MystoreV3.Testcases.TC_myAccountPageTest@515aebb0]" started-at="2023-10-05T09:22:34 IST" name="setup" finished-at="2023-10-05T09:22:45 IST" duration-ms="10565" status="PASS">
          <reporter-output>
          </reporter-output>
        </test-method> <!-- setup -->
        <test-method signature="verifyLogin()[pri:0, instance:com.MystoreV3.Testcases.TC_myAccountPageTest@515aebb0]" started-at="2023-10-05T09:22:45 IST" name="verifyLogin" finished-at="2023-10-05T09:22:49 IST" duration-ms="4105" status="PASS">
          <reporter-output>
          </reporter-output>
        </test-method> <!-- verifyLogin -->
      </class> <!-- com.MystoreV3.Testcases.TC_myAccountPageTest -->
    </test> <!-- Test -->
  </suite> <!-- Suite -->
</testng-results>
